     -.--ns INFO     gpi                                ..mbed/gpi_embed.cpp:93   in _embed_init_python              Using Python 3.13.0rc1 interpreter at /workspace/I/qimeng6/miniconda3/bin/python
     -.--ns INFO     gpi                                ../gpi/GpiCommon.cpp:79   in gpi_print_registered_impl       VPI registered
     0.00ns INFO     cocotb                             Running on Icarus Verilog version 10.2 (stable)
     0.00ns WARNING  gpi                                vpi_iterate returned NULL for type vpiInstance for object NULL
     0.00ns INFO     cocotb                             Seeding Python random module with 1774968832
     0.00ns INFO     cocotb                             Initialized cocotb v2.0.1 from /workspace/I/qimeng6/miniconda3/lib/python3.13/site-packages/cocotb
     0.00ns INFO     cocotb                             Running tests
     0.00ns INFO     cocotb.regression                  running cocotb_tests.test_accu_basic.test_reset_001 (1/6)
                                                            Establish a stable post-reset baseline before functional checking. Note: Reset polarity may still be heuristic if the contract marks it ambiguous.
    35.00ns WARNING  py.warnings                        /workspace/I/qimeng6/wangchuanhao/cocoverify2/tmp/phase7_golden_slice_verify_tools_fix/accu/render/cocotb_tests/accu_runtime.py:97: DeprecationWarning: `logic_array.binstr` getter is deprecated. Use `str(logic_array)` instead.
                                                          if hasattr(value, "binstr"):
    35.00ns WARNING  py.warnings                        /workspace/I/qimeng6/wangchuanhao/cocoverify2/tmp/phase7_golden_slice_verify_tools_fix/accu/render/cocotb_tests/accu_runtime.py:98: DeprecationWarning: `logic_array.binstr` getter is deprecated. Use `str(logic_array)` instead.
                                                          return str(value.binstr)
    45.00ns INFO     cocotb.regression                  cocotb_tests.test_accu_basic.test_reset_001 passed
    45.00ns INFO     cocotb.regression                  running cocotb_tests.test_accu_basic.test_basic_001 (2/6)
                                                            Apply one legal operation and observe stable post-operation behavior. Note: Case intent is conservative when the contract is weak or timing is unresolved.
   121.00ns INFO     cocotb.regression                  cocotb_tests.test_accu_basic.test_basic_001 passed
   121.00ns INFO     cocotb.regression                  running cocotb_tests.test_accu_basic.test_back_to_back_001 (3/6)
                                                            Observe repeated or back-to-back legal operations under conservative timing assumptions. Note: When timing is unresolved, this case stays unresolved-safe and does not require deterministic overlap behavior.
   237.00ns WARNING  ..o_back_001.test_back_to_back_001 valid_out asserted before a completed 4-sample valid group was available
                                                        assert False
                                                         +  where False = bool(False)
                                                        Traceback (most recent call last):
                                                          File "/workspace/I/qimeng6/wangchuanhao/cocoverify2/tmp/phase7_golden_slice_verify_tools_fix/accu/render/cocotb_tests/test_accu_basic.py", line 101, in test_back_to_back_001
                                                            results = await run_linked_plan_case(env, 'back_to_back_001')
                                                                      ^^^^^^^^^^^^^^^^^^^^^^^^^^^^^^^^^^^^^^^^^^^^^^^^^^^
                                                          File "/workspace/I/qimeng6/wangchuanhao/cocoverify2/tmp/phase7_golden_slice_verify_tools_fix/accu/render/cocotb_tests/accu_oracle.py", line 901, in run_linked_plan_case
                                                            results.append(await _run_oracle_case(env, oracle_case))
                                                                           ^^^^^^^^^^^^^^^^^^^^^^^^^^^^^^^^^^^^^^^^
                                                          File "/workspace/I/qimeng6/wangchuanhao/cocoverify2/tmp/phase7_golden_slice_verify_tools_fix/accu/render/cocotb_tests/accu_oracle.py", line 909, in _run_oracle_case
                                                            case_results.append(await _evaluate_check(env, oracle_case["linked_plan_case_id"], oracle_case["case_id"], check))
                                                                                ^^^^^^^^^^^^^^^^^^^^^^^^^^^^^^^^^^^^^^^^^^^^^^^^^^^^^^^^^^^^^^^^^^^^^^^^^^^^^^^^^^^^^^^^^^^^^
                                                          File "/workspace/I/qimeng6/wangchuanhao/cocoverify2/tmp/phase7_golden_slice_verify_tools_fix/accu/render/cocotb_tests/accu_oracle.py", line 927, in _evaluate_check
                                                            semantic_result = await _apply_structured_semantic_check(
                                                                              ^^^^^^^^^^^^^^^^^^^^^^^^^^^^^^^^^^^^^^^
                                                            ...<5 lines>...
                                                            )
                                                            ^
                                                          File "/workspace/I/qimeng6/wangchuanhao/cocoverify2/tmp/phase7_golden_slice_verify_tools_fix/accu/render/cocotb_tests/accu_oracle.py", line 814, in _apply_structured_semantic_check
                                                            return await _apply_structured_relation_check(env, plan_case_id, check, sampled_outputs)
                                                                   ^^^^^^^^^^^^^^^^^^^^^^^^^^^^^^^^^^^^^^^^^^^^^^^^^^^^^^^^^^^^^^^^^^^^^^^^^^^^^^^^^
                                                          File "/workspace/I/qimeng6/wangchuanhao/cocoverify2/tmp/phase7_golden_slice_verify_tools_fix/accu/render/cocotb_tests/accu_oracle.py", line 448, in _apply_structured_relation_check
                                                            assert_true(
                                                            ~~~~~~~~~~~^
                                                                completed_so_far > len(event_values),
                                                                ^^^^^^^^^^^^^^^^^^^^^^^^^^^^^^^^^^^^^
                                                                f"{valid_out_name} asserted before a completed {group_size}-sample valid group was available",
                                                                ^^^^^^^^^^^^^^^^^^^^^^^^^^^^^^^^^^^^^^^^^^^^^^^^^^^^^^^^^^^^^^^^^^^^^^^^^^^^^^^^^^^^^^^^^^^^^^
                                                            )
                                                            ^
                                                          File "/workspace/I/qimeng6/wangchuanhao/cocoverify2/tmp/phase7_golden_slice_verify_tools_fix/accu/render/cocotb_tests/accu_runtime.py", line 61, in assert_true
                                                            assert bool(condition), message
                                                        AssertionError: valid_out asserted before a completed 4-sample valid group was available
                                                        assert False
                                                         +  where False = bool(False)
   237.00ns WARNING  cocotb.regression                  cocotb_tests.test_accu_basic.test_back_to_back_001 failed
   237.00ns INFO     cocotb.regression                  running cocotb_tests.test_accu_basic.test_basic_002 (4/6)
                                                            Drive one complete valid input group and require exactly one accumulated output event. Note: Concrete grouped-valid closure case added because the contract gives enough structure to observe one accumulated output event.
   333.00ns WARNING  ..st test_basic_002.test_basic_002 valid_out asserted before a completed 4-sample valid group was available
                                                        assert False
                                                         +  where False = bool(False)
                                                        Traceback (most recent call last):
                                                          File "/workspace/I/qimeng6/wangchuanhao/cocoverify2/tmp/phase7_golden_slice_verify_tools_fix/accu/render/cocotb_tests/test_accu_basic.py", line 133, in test_basic_002
                                                            results = await run_linked_plan_case(env, 'basic_002')
                                                                      ^^^^^^^^^^^^^^^^^^^^^^^^^^^^^^^^^^^^^^^^^^^^
                                                          File "/workspace/I/qimeng6/wangchuanhao/cocoverify2/tmp/phase7_golden_slice_verify_tools_fix/accu/render/cocotb_tests/accu_oracle.py", line 901, in run_linked_plan_case
                                                            results.append(await _run_oracle_case(env, oracle_case))
                                                                           ^^^^^^^^^^^^^^^^^^^^^^^^^^^^^^^^^^^^^^^^
                                                          File "/workspace/I/qimeng6/wangchuanhao/cocoverify2/tmp/phase7_golden_slice_verify_tools_fix/accu/render/cocotb_tests/accu_oracle.py", line 909, in _run_oracle_case
                                                            case_results.append(await _evaluate_check(env, oracle_case["linked_plan_case_id"], oracle_case["case_id"], check))
                                                                                ^^^^^^^^^^^^^^^^^^^^^^^^^^^^^^^^^^^^^^^^^^^^^^^^^^^^^^^^^^^^^^^^^^^^^^^^^^^^^^^^^^^^^^^^^^^^^
                                                          File "/workspace/I/qimeng6/wangchuanhao/cocoverify2/tmp/phase7_golden_slice_verify_tools_fix/accu/render/cocotb_tests/accu_oracle.py", line 927, in _evaluate_check
                                                            semantic_result = await _apply_structured_semantic_check(
                                                                              ^^^^^^^^^^^^^^^^^^^^^^^^^^^^^^^^^^^^^^^
                                                            ...<5 lines>...
                                                            )
                                                            ^
                                                          File "/workspace/I/qimeng6/wangchuanhao/cocoverify2/tmp/phase7_golden_slice_verify_tools_fix/accu/render/cocotb_tests/accu_oracle.py", line 814, in _apply_structured_semantic_check
                                                            return await _apply_structured_relation_check(env, plan_case_id, check, sampled_outputs)
                                                                   ^^^^^^^^^^^^^^^^^^^^^^^^^^^^^^^^^^^^^^^^^^^^^^^^^^^^^^^^^^^^^^^^^^^^^^^^^^^^^^^^^
                                                          File "/workspace/I/qimeng6/wangchuanhao/cocoverify2/tmp/phase7_golden_slice_verify_tools_fix/accu/render/cocotb_tests/accu_oracle.py", line 448, in _apply_structured_relation_check
                                                            assert_true(
                                                            ~~~~~~~~~~~^
                                                                completed_so_far > len(event_values),
                                                                ^^^^^^^^^^^^^^^^^^^^^^^^^^^^^^^^^^^^^
                                                                f"{valid_out_name} asserted before a completed {group_size}-sample valid group was available",
                                                                ^^^^^^^^^^^^^^^^^^^^^^^^^^^^^^^^^^^^^^^^^^^^^^^^^^^^^^^^^^^^^^^^^^^^^^^^^^^^^^^^^^^^^^^^^^^^^^
                                                            )
                                                            ^
                                                          File "/workspace/I/qimeng6/wangchuanhao/cocoverify2/tmp/phase7_golden_slice_verify_tools_fix/accu/render/cocotb_tests/accu_runtime.py", line 61, in assert_true
                                                            assert bool(condition), message
                                                        AssertionError: valid_out asserted before a completed 4-sample valid group was available
                                                        assert False
                                                         +  where False = bool(False)
   333.00ns WARNING  cocotb.regression                  cocotb_tests.test_accu_basic.test_basic_002 failed
   333.00ns INFO     cocotb.regression                  running cocotb_tests.test_accu_basic.test_regression_001 (5/6)
                                                            Reset mid-accumulation and confirm partial state is cleared before a later full group completes. Note: Reset-mid-progress case is concrete and avoids guessing exact recovery latency beyond externally visible grouped closure.
   459.00ns WARNING  ..gression_001.test_regression_001 valid_out asserted before a completed 4-sample valid group was available
                                                        assert False
                                                         +  where False = bool(False)
                                                        Traceback (most recent call last):
                                                          File "/workspace/I/qimeng6/wangchuanhao/cocoverify2/tmp/phase7_golden_slice_verify_tools_fix/accu/render/cocotb_tests/test_accu_basic.py", line 165, in test_regression_001
                                                            results = await run_linked_plan_case(env, 'regression_001')
                                                                      ^^^^^^^^^^^^^^^^^^^^^^^^^^^^^^^^^^^^^^^^^^^^^^^^^
                                                          File "/workspace/I/qimeng6/wangchuanhao/cocoverify2/tmp/phase7_golden_slice_verify_tools_fix/accu/render/cocotb_tests/accu_oracle.py", line 901, in run_linked_plan_case
                                                            results.append(await _run_oracle_case(env, oracle_case))
                                                                           ^^^^^^^^^^^^^^^^^^^^^^^^^^^^^^^^^^^^^^^^
                                                          File "/workspace/I/qimeng6/wangchuanhao/cocoverify2/tmp/phase7_golden_slice_verify_tools_fix/accu/render/cocotb_tests/accu_oracle.py", line 909, in _run_oracle_case
                                                            case_results.append(await _evaluate_check(env, oracle_case["linked_plan_case_id"], oracle_case["case_id"], check))
                                                                                ^^^^^^^^^^^^^^^^^^^^^^^^^^^^^^^^^^^^^^^^^^^^^^^^^^^^^^^^^^^^^^^^^^^^^^^^^^^^^^^^^^^^^^^^^^^^^
                                                          File "/workspace/I/qimeng6/wangchuanhao/cocoverify2/tmp/phase7_golden_slice_verify_tools_fix/accu/render/cocotb_tests/accu_oracle.py", line 927, in _evaluate_check
                                                            semantic_result = await _apply_structured_semantic_check(
                                                                              ^^^^^^^^^^^^^^^^^^^^^^^^^^^^^^^^^^^^^^^
                                                            ...<5 lines>...
                                                            )
                                                            ^
                                                          File "/workspace/I/qimeng6/wangchuanhao/cocoverify2/tmp/phase7_golden_slice_verify_tools_fix/accu/render/cocotb_tests/accu_oracle.py", line 814, in _apply_structured_semantic_check
                                                            return await _apply_structured_relation_check(env, plan_case_id, check, sampled_outputs)
                                                                   ^^^^^^^^^^^^^^^^^^^^^^^^^^^^^^^^^^^^^^^^^^^^^^^^^^^^^^^^^^^^^^^^^^^^^^^^^^^^^^^^^
                                                          File "/workspace/I/qimeng6/wangchuanhao/cocoverify2/tmp/phase7_golden_slice_verify_tools_fix/accu/render/cocotb_tests/accu_oracle.py", line 448, in _apply_structured_relation_check
                                                            assert_true(
                                                            ~~~~~~~~~~~^
                                                                completed_so_far > len(event_values),
                                                                ^^^^^^^^^^^^^^^^^^^^^^^^^^^^^^^^^^^^^
                                                                f"{valid_out_name} asserted before a completed {group_size}-sample valid group was available",
                                                                ^^^^^^^^^^^^^^^^^^^^^^^^^^^^^^^^^^^^^^^^^^^^^^^^^^^^^^^^^^^^^^^^^^^^^^^^^^^^^^^^^^^^^^^^^^^^^^
                                                            )
                                                            ^
                                                          File "/workspace/I/qimeng6/wangchuanhao/cocoverify2/tmp/phase7_golden_slice_verify_tools_fix/accu/render/cocotb_tests/accu_runtime.py", line 61, in assert_true
                                                            assert bool(condition), message
                                                        AssertionError: valid_out asserted before a completed 4-sample valid group was available
                                                        assert False
                                                         +  where False = bool(False)
   459.00ns WARNING  cocotb.regression                  cocotb_tests.test_accu_basic.test_regression_001 failed
   459.00ns INFO     cocotb.regression                  running cocotb_tests.test_accu_basic.test_back_to_back_002 (6/6)
                                                            Drive multiple complete valid groups in one finite stream and require repeated output-closure behavior. Note: Multi-group stream case is finite and aims to check repeated closure behavior rather than open-ended streaming.
   695.00ns INFO     cocotb.regression                  cocotb_tests.test_accu_basic.test_back_to_back_002 passed
   695.00ns INFO     cocotb.regression                  ************************************************************************************************************
                                                        ** TEST                                                STATUS  SIM TIME (ns)  REAL TIME (s)  RATIO (ns/s) **
                                                        ************************************************************************************************************
                                                        ** cocotb_tests.test_accu_basic.test_reset_001          PASS          45.00           0.00      26711.53  **
                                                        ** cocotb_tests.test_accu_basic.test_basic_001          PASS          75.00           0.00      57592.97  **
                                                        ** cocotb_tests.test_accu_basic.test_back_to_back_001   FAIL         115.00           0.00      28056.36  **
                                                        ** cocotb_tests.test_accu_basic.test_basic_002          FAIL          95.00           0.00      31573.60  **
                                                        ** cocotb_tests.test_accu_basic.test_regression_001     FAIL         125.00           0.00      32503.91  **
                                                        ** cocotb_tests.test_accu_basic.test_back_to_back_002   PASS         235.00           0.00      72082.89  **
                                                        ************************************************************************************************************
                                                        ** TESTS=6 PASS=3 FAIL=3 SKIP=0                                      695.00           0.03      25897.44  **
                                                        ************************************************************************************************************

<string>:10: DeprecationWarning: Simulator.build *verilog_sources* parameter is deprecated. Use the language-agnostic *sources* parameter instead.
