     -.--ns INFO     gpi                                ..mbed/gpi_embed.cpp:93   in _embed_init_python              Using Python 3.13.0rc1 interpreter at /workspace/I/qimeng6/miniconda3/bin/python
     -.--ns INFO     gpi                                ../gpi/GpiCommon.cpp:79   in gpi_print_registered_impl       VPI registered
     0.00ns INFO     cocotb                             Running on Icarus Verilog version 10.2 (stable)
     0.00ns WARNING  gpi                                vpi_iterate returned NULL for type vpiInstance for object NULL
     0.00ns INFO     cocotb                             Seeding Python random module with 1774967538
     0.00ns INFO     cocotb                             Initialized cocotb v2.0.1 from /workspace/I/qimeng6/miniconda3/lib/python3.13/site-packages/cocotb
     0.00ns ERROR    gpi                                Passing event to upper layer failed

<string>:10: DeprecationWarning: Simulator.build *verilog_sources* parameter is deprecated. Use the language-agnostic *sources* parameter instead.
Traceback (most recent call last):
  File "/workspace/I/qimeng6/miniconda3/lib/python3.13/site-packages/pygpi/entry.py", line 42, in load_entry
    entry_func(argv)
    ~~~~~~~~~~^^^^^^
  File "/workspace/I/qimeng6/miniconda3/lib/python3.13/site-packages/cocotb/_init.py", line 102, in run_regression
    _setup_regression_manager()
    ~~~~~~~~~~~~~~~~~~~~~~~~~^^
  File "/workspace/I/qimeng6/miniconda3/lib/python3.13/site-packages/cocotb/_init.py", line 283, in _setup_regression_manager
    cocotb._regression_manager.discover_tests(*modules)
    ~~~~~~~~~~~~~~~~~~~~~~~~~~~~~~~~~~~~~~~~~^^^^^^^^^^
  File "/workspace/I/qimeng6/miniconda3/lib/python3.13/site-packages/cocotb/regression.py", line 186, in discover_tests
    mod = import_module(module_name)
  File "/workspace/I/qimeng6/miniconda3/lib/python3.13/importlib/__init__.py", line 88, in import_module
    return _bootstrap._gcd_import(name[level:], package, level)
           ~~~~~~~~~~~~~~~~~~~~~~^^^^^^^^^^^^^^^^^^^^^^^^^^^^^^
  File "<frozen importlib._bootstrap>", line 1387, in _gcd_import
  File "<frozen importlib._bootstrap>", line 1360, in _find_and_load
  File "<frozen importlib._bootstrap>", line 1310, in _find_and_load_unlocked
  File "<frozen importlib._bootstrap>", line 488, in _call_with_frames_removed
  File "<frozen importlib._bootstrap>", line 1387, in _gcd_import
  File "<frozen importlib._bootstrap>", line 1360, in _find_and_load
  File "<frozen importlib._bootstrap>", line 1324, in _find_and_load_unlocked
ModuleNotFoundError: No module named 'cocotb_tests'
Traceback (most recent call last):
  File "/workspace/I/qimeng6/miniconda3/lib/python3.13/site-packages/cocotb/_init.py", line 117, in _sim_event
    cocotb._regression_manager._fail_simulation(msg)
    ~~~~~~~~~~~~~~~~~~~~~~~~~~~~~~~~~~~~~~~~~~~^^^^^
  File "/workspace/I/qimeng6/miniconda3/lib/python3.13/site-packages/cocotb/regression.py", line 899, in _fail_simulation
    self._running_test.abort(self._sim_failure)
    ^^^^^^^^^^^^^^^^^^
AttributeError: 'RegressionManager' object has no attribute '_running_test'
