     -.--ns INFO     gpi                                ..mbed/gpi_embed.cpp:93   in _embed_init_python              Using Python 3.13.0rc1 interpreter at /workspace/I/qimeng6/miniconda3/bin/python
     -.--ns INFO     gpi                                ../gpi/GpiCommon.cpp:79   in gpi_print_registered_impl       VPI registered
     0.00ns INFO     cocotb                             Running on Icarus Verilog version 10.2 (stable)
     0.00ns WARNING  gpi                                vpi_iterate returned NULL for type vpiInstance for object NULL
     0.00ns INFO     cocotb                             Seeding Python random module with 1774968940
     0.00ns INFO     cocotb                             Initialized cocotb v2.0.1 from /workspace/I/qimeng6/miniconda3/lib/python3.13/site-packages/cocotb
     0.00ns INFO     cocotb                             Running tests
     0.00ns INFO     cocotb.regression                  running cocotb_tests.test_verified_JC_counter_basic.test_reset_001 (1/2)
                                                            Establish a stable post-reset baseline before functional checking. Note: Reset polarity may still be heuristic if the contract marks it ambiguous.
    35.00ns WARNING  py.warnings                        /workspace/I/qimeng6/wangchuanhao/cocoverify2/tmp/phase7_golden_full_verify/JC_counter/render/cocotb_tests/verified_JC_counter_runtime.py:97: DeprecationWarning: `logic_array.binstr` getter is deprecated. Use `str(logic_array)` instead.
                                                          if hasattr(value, "binstr"):
    35.00ns WARNING  py.warnings                        /workspace/I/qimeng6/wangchuanhao/cocoverify2/tmp/phase7_golden_full_verify/JC_counter/render/cocotb_tests/verified_JC_counter_runtime.py:98: DeprecationWarning: `logic_array.binstr` getter is deprecated. Use `str(logic_array)` instead.
                                                          return str(value.binstr)
    55.00ns INFO     cocotb.regression                  cocotb_tests.test_verified_JC_counter_basic.test_reset_001 passed
    55.00ns INFO     cocotb.regression                  running cocotb_tests.test_verified_JC_counter_basic.test_basic_001 (2/2)
                                                            Observe clock-driven state progress after reset or conservative initialization. Note: Case intent is conservative when the contract is weak or timing is unresolved. Note: Case relies on deterministic clock-driven observation because no non-control inputs were resolved.
   121.00ns INFO     cocotb.regression                  cocotb_tests.test_verified_JC_counter_basic.test_basic_001 passed
   121.00ns INFO     cocotb.regression                  ********************************************************************************************************************
                                                        ** TEST                                                        STATUS  SIM TIME (ns)  REAL TIME (s)  RATIO (ns/s) **
                                                        ********************************************************************************************************************
                                                        ** cocotb_tests.test_verified_JC_counter_basic.test_reset_001   PASS          55.00           0.00      31692.09  **
                                                        ** cocotb_tests.test_verified_JC_counter_basic.test_basic_001   PASS          65.00           0.00      70812.92  **
                                                        ********************************************************************************************************************
                                                        ** TESTS=2 PASS=2 FAIL=0 SKIP=0                                              121.00           0.00      31385.95  **
                                                        ********************************************************************************************************************

<string>:10: DeprecationWarning: Simulator.build *verilog_sources* parameter is deprecated. Use the language-agnostic *sources* parameter instead.
