     -.--ns INFO     gpi                                ..mbed/gpi_embed.cpp:93   in _embed_init_python              Using Python 3.13.0rc1 interpreter at /workspace/I/qimeng6/miniconda3/bin/python
     -.--ns INFO     gpi                                ../gpi/GpiCommon.cpp:79   in gpi_print_registered_impl       VPI registered
     0.00ns INFO     cocotb                             Running on Icarus Verilog version 10.2 (stable)
     0.00ns WARNING  gpi                                vpi_iterate returned NULL for type vpiInstance for object NULL
     0.00ns INFO     cocotb                             Seeding Python random module with 1774969010
     0.00ns INFO     cocotb                             Initialized cocotb v2.0.1 from /workspace/I/qimeng6/miniconda3/lib/python3.13/site-packages/cocotb
     0.00ns INFO     cocotb                             Running tests
     0.00ns INFO     cocotb.regression                  running cocotb_tests.test_verified_pulse_detect_basic.test_reset_001 (1/3)
                                                            Establish a stable post-reset baseline before functional checking. Note: Reset polarity may still be heuristic if the contract marks it ambiguous.
    55.00ns INFO     cocotb.regression                  cocotb_tests.test_verified_pulse_detect_basic.test_reset_001 passed
    55.00ns INFO     cocotb.regression                  running cocotb_tests.test_verified_pulse_detect_basic.test_basic_001 (2/3)
                                                            Apply one legal operation and observe stable post-operation behavior. Note: Case intent is conservative when the contract is weak or timing is unresolved.
   131.00ns INFO     cocotb.regression                  cocotb_tests.test_verified_pulse_detect_basic.test_basic_001 passed
   131.00ns INFO     cocotb.regression                  running cocotb_tests.test_verified_pulse_detect_basic.test_back_to_back_001 (3/3)
                                                            Observe repeated or back-to-back legal operations under conservative timing assumptions. Note: When timing is unresolved, this case stays unresolved-safe and does not require deterministic overlap behavior.
   187.00ns INFO     cocotb.regression                  cocotb_tests.test_verified_pulse_detect_basic.test_back_to_back_001 passed
   187.00ns INFO     cocotb.regression                  *****************************************************************************************************************************
                                                        ** TEST                                                                 STATUS  SIM TIME (ns)  REAL TIME (s)  RATIO (ns/s) **
                                                        *****************************************************************************************************************************
                                                        ** cocotb_tests.test_verified_pulse_detect_basic.test_reset_001          PASS          55.00           0.00      45617.31  **
                                                        ** cocotb_tests.test_verified_pulse_detect_basic.test_basic_001          PASS          75.00           0.00      57466.72  **
                                                        ** cocotb_tests.test_verified_pulse_detect_basic.test_back_to_back_001   PASS          55.00           0.00      66251.21  **
                                                        *****************************************************************************************************************************
                                                        ** TESTS=3 PASS=3 FAIL=0 SKIP=0                                                       187.00           0.01      35442.15  **
                                                        *****************************************************************************************************************************

<string>:10: DeprecationWarning: Simulator.build *verilog_sources* parameter is deprecated. Use the language-agnostic *sources* parameter instead.
